<?xml version="1.0" encoding="UTF-8"?>
<!-- Generated by org.testng.reporters.JUnitReportReporter -->
<testsuite hostname="HP" failures="0" tests="1" name="com.Redbus.RedbusModule.Redbus_HomePageTestCase" time="39.824" errors="0" timestamp="2022-11-21T15:51:52 IST" skipped="0">
  <testcase classname="com.Redbus.RedbusModule.Redbus_HomePageTestCase" name="book" time="39.824"/>
  <system-out/>
</testsuite> <!-- com.Redbus.RedbusModule.Redbus_HomePageTestCase -->
