<?xml version="1.0" encoding="UTF-8"?>
<!-- Generated by org.testng.reporters.JUnitReportReporter -->
<testsuite hostname="user" failures="0" tests="1" name="com.Redbus.RedbusModule.BookTicketTest" time="31.534" errors="0" timestamp="2022-11-17T16:11:57 IST" skipped="0">
  <testcase classname="com.Redbus.RedbusModule.BookTicketTest" name="book" time="31.534"/>
  <system-out/>
</testsuite> <!-- com.Redbus.RedbusModule.BookTicketTest -->
