<?xml version="1.0" encoding="UTF-8"?>
<!-- Generated by org.testng.reporters.JUnitReportReporter -->
<testsuite hostname="LAPTOP-U8U1178S" failures="0" tests="1" name="com.Redbus.RedbusModule.redbusclasstest1" time="17.776" errors="0" timestamp="2022-11-17T17:11:51 IST" skipped="0">
  <testcase classname="com.Redbus.RedbusModule.redbusclasstest1" name="redbustest" time="17.776"/>
  <system-out/>
</testsuite> <!-- com.Redbus.RedbusModule.redbusclasstest1 -->
