<?xml version="1.0" encoding="UTF-8"?>
<!-- Generated by org.testng.reporters.JUnitReportReporter -->
<testsuite hostname="HP" failures="0" tests="1" name="com.Redbus.RedbusModule.Redbus_HomePageTest" time="30.921" errors="0" timestamp="2022-11-18T11:48:29 IST" skipped="0">
  <testcase classname="com.Redbus.RedbusModule.Redbus_HomePageTest" name="book" time="30.921"/>
  <system-out/>
</testsuite> <!-- com.Redbus.RedbusModule.Redbus_HomePageTest -->
