<?xml version="1.0" encoding="UTF-8"?>
<!-- Generated by org.testng.reporters.JUnitReportReporter -->
<testsuite hostname="HP" failures="0" tests="1" name="com.Redbus.RedbusModule.Redbus_HomePageTest" time="7.522" errors="0" timestamp="2022-11-17T17:53:49 IST" skipped="0">
  <testcase classname="com.Redbus.RedbusModule.Redbus_HomePageTest" name="book" time="7.522"/>
  <system-out/>
</testsuite> <!-- com.Redbus.RedbusModule.Redbus_HomePageTest -->
